android/app/build/outputs/logs/manifest-merger-debug-report.txt
-- Merging decision tree log ---
permission#com.vxiaoke.ricelife.app.permission.JPUSH_MESSAGE
INJECTED from src/main/AndroidManifest.xml:2:5-111
MERGED from [:jpush-react-native] AndroidManifest.xml:11:5-13:47
	android:name
		INJECTED from src/main/AndroidManifest.xml
provider#android.support.v4.content.FileProvider
INJECTED from src/main/AndroidManifest.xml:14:9-16:20
MERGED from [:react-native-image-crop-picker] AndroidManifest.xml:13:9-21:20
MERGED from [:react-native-image-crop-picker] AndroidManifest.xml:13:9-21:20
MERGED from [:rn-fetch-blob] AndroidManifest.xml:36:9-44:20
MERGED from [:rn-fetch-blob] AndroidManifest.xml:36:9-44:20
	android:authorities
		INJECTED from src/main/AndroidManifest.xml
		REJECTED from [:react-native-image-crop-picker] AndroidManifest.xml:15:13-60
		REJECTED from [:rn-fetch-blob] AndroidManifest.xml:38:13-60
meta-data#JPUSH_APPKEY
INJECTED from src/main/AndroidManifest.xml:36:9-81
	android:value
		INJECTED from src/main/AndroidManifest.xml
meta-data#JPUSH_CHANNEL
INJECTED from src/main/AndroidManifest.xml:37:9-81
	android:value
		INJECTED from src/main/AndroidManifest.xml
manifest
ADDED from src/main/AndroidManifest.xml:1:1-40:12
INJECTED from src/main/AndroidManifest.xml:1:1-40:12
INJECTED from src/main/AndroidManifest.xml:1:1-40:12
INJECTED from src/main/AndroidManifest.xml:1:1-40:12
MERGED from src/main/AndroidManifest.xml:1:1-40:12
MERGED from [com.android.support:multidex:1.0.3] AndroidManifest.xml:17:1-22:12
MERGED from [:react-native-uuid-generator] AndroidManifest.xml:2:1-11:12
MERGED from [:react-native-image-crop-picker] AndroidManifest.xml:2:1-28:12
MERGED from [:react-native-android-open-settings] AndroidManifest.xml:2:1-11:12
MERGED from [cn.jiguang.sdk.plugin:meizu:3.2.0] AndroidManifest.xml:2:1-49:12
MERGED from [cn.jiguang.sdk.plugin:huawei:3.2.0] AndroidManifest.xml:2:1-54:12
MERGED from [cn.jiguang.sdk.plugin:xiaomi:3.2.0] AndroidManifest.xml:2:1-77:12
MERGED from [cn.jiguang.sdk.plugin:oppo:3.2.0] AndroidManifest.xml:2:1-32:12
MERGED from [cn.jiguang.sdk.plugin:vivo:3.2.0] AndroidManifest.xml:2:1-38:12
MERGED from [:@react-native-community_netinfo] AndroidManifest.xml:2:1-11:12
MERGED from [:rn-fetch-blob] AndroidManifest.xml:2:1-47:12
MERGED from [:react-native-wechat] AndroidManifest.xml:2:1-17:12
MERGED from [:react-native-webview] AndroidManifest.xml:2:1-23:12
MERGED from [:react-native-video] AndroidManifest.xml:2:1-11:12
MERGED from [:react-native-vector-icons] AndroidManifest.xml:2:1-11:12
MERGED from [:react-native-umeng-analytics] AndroidManifest.xml:2:1-11:12
MERGED from [:react-native-svg] AndroidManifest.xml:2:1-9:12
MERGED from [:react-native-splash-screen] AndroidManifest.xml:2:1-14:12
MERGED from [:react-native-sms] AndroidManifest.xml:2:1-11:12
MERGED from [:react-native-linear-gradient] AndroidManifest.xml:2:1-11:12
MERGED from [:react-native-http-cache] AndroidManifest.xml:2:1-17:12
MERGED from [:react-native-gesture-handler] AndroidManifest.xml:2:1-11:12
MERGED from [:react-native-fs] AndroidManifest.xml:2:1-13:12
MERGED from [:react-native-fast-image] AndroidManifest.xml:2:1-11:12
MERGED from [:react-native-device-info] AndroidManifest.xml:2:1-22:12
MERGED from [:react-native-code-push] AndroidManifest.xml:2:1-17:12
MERGED from [:react-native-charts-wrapper] AndroidManifest.xml:2:1-11:12
MERGED from [:react-native-alibc-sdk] AndroidManifest.xml:2:1-11:12
MERGED from [:jcore-react-native] AndroidManifest.xml:2:1-60:12
MERGED from [:jpush-react-native] AndroidManifest.xml:2:1-108:12
MERGED from [:@0x5e_react-native-alipay] AndroidManifest.xml:2:1-17:12
MERGED from [com.facebook.react:react-native:0.59.4] AndroidManifest.xml:2:1-13:12
MERGED from [com.github.yalantis:ucrop:2.2.2-native] AndroidManifest.xml:2:1-11:12
MERGED from [com.android.support:appcompat-v7:28.0.0] AndroidManifest.xml:17:1-22:12
MERGED from [com.google.android.gms:play-services-gcm:16.1.0] AndroidManifest.xml:17:1-28:12
MERGED from [com.google.android.gms:play-services-iid:16.0.1] AndroidManifest.xml:17:1-28:12
MERGED from [com.google.android.gms:play-services-base:16.0.1] AndroidManifest.xml:17:1-29:12
MERGED from [com.google.android.gms:play-services-stats:16.0.1] AndroidManifest.xml:2:1-9:12
MERGED from [com.google.android.gms:play-services-tasks:16.0.1] AndroidManifest.xml:2:1-9:12
MERGED from [com.google.android.gms:play-services-basement:16.0.1] AndroidManifest.xml:17:1-28:12
MERGED from [com.android.support:support-v4:28.0.0] AndroidManifest.xml:17:1-22:12
MERGED from [com.github.bumptech.glide:okhttp3-integration:4.7.1] AndroidManifest.xml:2:1-16:12
MERGED from [com.facebook.fresco:imagepipeline-okhttp3:1.10.0] AndroidManifest.xml:2:1-9:12
MERGED from [com.google.android.exoplayer:exoplayer:2.9.3] AndroidManifest.xml:17:1-24:12
MERGED from [com.android.support:support-media-compat:28.0.0] AndroidManifest.xml:17:1-22:12
MERGED from [com.github.bumptech.glide:glide:4.7.1] AndroidManifest.xml:2:1-13:12
MERGED from [com.android.support:support-fragment:28.0.0] AndroidManifest.xml:17:1-22:12
MERGED from [com.android.support:animated-vector-drawable:28.0.0] AndroidManifest.xml:17:1-22:12
MERGED from [com.android.support:support-core-ui:28.0.0] AndroidManifest.xml:17:1-22:12
MERGED from [com.android.support:support-core-utils:28.0.0] AndroidManifest.xml:17:1-22:12
MERGED from [com.android.support:support-vector-drawable:28.0.0] AndroidManifest.xml:17:1-22:12
MERGED from [com.android.support:loader:28.0.0] AndroidManifest.xml:17:1-22:12
MERGED from [com.android.support:viewpager:28.0.0] AndroidManifest.xml:17:1-22:12
MERGED from [com.android.support:coordinatorlayout:28.0.0] AndroidManifest.xml:17:1-22:12
MERGED from [com.android.support:drawerlayout:28.0.0] AndroidManifest.xml:17:1-22:12
MERGED from [com.android.support:slidingpanelayout:28.0.0] AndroidManifest.xml:17:1-22:12
MERGED from [com.android.support:customview:28.0.0] AndroidManifest.xml:17:1-22:12
MERGED from [com.android.support:swiperefreshlayout:28.0.0] AndroidManifest.xml:17:1-22:12
MERGED from [com.android.support:asynclayoutinflater:28.0.0] AndroidManifest.xml:17:1-22:12
MERGED from [com.android.support:support-compat:28.0.0] AndroidManifest.xml:17:1-24:12
MERGED from [com.google.android.exoplayer:extension-okhttp:2.9.3] AndroidManifest.xml:17:1-24:12
MERGED from [com.android.support:versionedparcelable:28.0.0] AndroidManifest.xml:17:1-25:12
MERGED from [com.android.support:cursoradapter:28.0.0] AndroidManifest.xml:17:1-22:12
MERGED from [com.google.android.exoplayer:exoplayer-dash:2.9.3] AndroidManifest.xml:17:1-24:12
MERGED from [com.google.android.exoplayer:exoplayer-hls:2.9.3] AndroidManifest.xml:17:1-24:12
MERGED from [com.google.android.exoplayer:exoplayer-smoothstreaming:2.9.3] AndroidManifest.xml:17:1-24:12
MERGED from [com.google.android.exoplayer:exoplayer-ui:2.9.3] AndroidManifest.xml:17:1-24:12
MERGED from [com.google.android.exoplayer:exoplayer-core:2.9.3] AndroidManifest.xml:17:1-26:12
MERGED from [android.arch.lifecycle:runtime:1.1.1] AndroidManifest.xml:17:1-22:12
MERGED from [com.android.support:documentfile:28.0.0] AndroidManifest.xml:17:1-22:12
MERGED from [com.android.support:localbroadcastmanager:28.0.0] AndroidManifest.xml:17:1-22:12
MERGED from [com.android.support:print:28.0.0] AndroidManifest.xml:17:1-22:12
MERGED from [android.arch.lifecycle:viewmodel:1.1.1] AndroidManifest.xml:17:1-22:12
MERGED from [com.android.support:interpolator:28.0.0] AndroidManifest.xml:17:1-22:12
MERGED from [android.arch.lifecycle:livedata:1.1.1] AndroidManifest.xml:17:1-22:12
MERGED from [android.arch.lifecycle:livedata-core:1.1.1] AndroidManifest.xml:17:1-22:12
MERGED from [android.arch.core:runtime:1.1.1] AndroidManifest.xml:17:1-22:12
MERGED from [com.github.bumptech.glide:gifdecoder:4.7.1] AndroidManifest.xml:2:1-11:12
MERGED from [com.github.PhilJay:MPAndroidChart:v3.1.0] AndroidManifest.xml:2:1-20:12
MERGED from [com.ali.auth.sdk:alibabauth_ui:1.1.4] AndroidManifest.xml:2:1-42:12
MERGED from [com.taobao.android:securityguardaar3:5.1.81] AndroidManifest.xml:2:1-29:12
MERGED from [com.taobao.android:securitybodyaar3:5.1.25] AndroidManifest.xml:2:1-19:12
MERGED from [com.alibaba.sdk.android:alibc_trade_sdk:3.1.1.11] AndroidManifest.xml:2:1-78:12
MERGED from [:alipaySdk-15.6.0-20190226104104-noUtdid:] AndroidManifest.xml:2:1-54:12
MERGED from [com.facebook.fresco:fresco:1.10.0] AndroidManifest.xml:2:1-9:12
MERGED from [com.facebook.fresco:drawee:1.10.0] AndroidManifest.xml:2:1-9:12
MERGED from [com.facebook.fresco:imagepipeline:1.10.0] AndroidManifest.xml:2:1-9:12
MERGED from [com.facebook.fresco:imagepipeline-base:1.10.0] AndroidManifest.xml:2:1-9:12
MERGED from [com.facebook.soloader:soloader:0.6.0] AndroidManifest.xml:2:1-13:12
MERGED from [com.facebook.fresco:fbcore:1.10.0] AndroidManifest.xml:2:1-9:12
INJECTED from src/debug/AndroidManifest.xml:2:1-8:12
INJECTED from src/debug/AndroidManifest.xml:2:1-8:12
INJECTED from src/debug/AndroidManifest.xml:2:1-8:12
	package
		ADDED from src/main/AndroidManifest.xml:1:117-151
		INJECTED from src/main/AndroidManifest.xml
		ADDED from src/main/AndroidManifest.xml:1:117-151
		INJECTED from src/debug/AndroidManifest.xml
	android:versionName
		INJECTED from src/main/AndroidManifest.xml
		ADDED from src/main/AndroidManifest.xml:1:1-40:12
		INJECTED from src/debug/AndroidManifest.xml
	xmlns:tools
		ADDED from src/main/AndroidManifest.xml:1:70-116
	android:versionCode
		INJECTED from src/main/AndroidManifest.xml
		ADDED from src/main/AndroidManifest.xml:1:1-40:12
		INJECTED from src/debug/AndroidManifest.xml
	xmlns:android
		ADDED from src/main/AndroidManifest.xml:1:11-69
uses-permission#android.permission.CAMERA
ADDED from src/main/AndroidManifest.xml:3:5-64
	android:name
		ADDED from src/main/AndroidManifest.xml:3:22-62
uses-permission#android.permission.INTERNET
ADDED from src/main/AndroidManifest.xml:4:5-66
MERGED from [:rn-fetch-blob] AndroidManifest.xml:15:5-67
MERGED from [:rn-fetch-blob] AndroidManifest.xml:15:5-67
MERGED from [:react-native-wechat] AndroidManifest.xml:11:5-67
MERGED from [:react-native-wechat] AndroidManifest.xml:11:5-67
MERGED from [:react-native-http-cache] AndroidManifest.xml:11:5-67
MERGED from [:react-native-http-cache] AndroidManifest.xml:11:5-67
MERGED from [:react-native-code-push] AndroidManifest.xml:11:5-67
MERGED from [:react-native-code-push] AndroidManifest.xml:11:5-67
MERGED from [:jpush-react-native] AndroidManifest.xml:18:5-67
MERGED from [:jpush-react-native] AndroidManifest.xml:18:5-67
MERGED from [:@0x5e_react-native-alipay] AndroidManifest.xml:11:5-67
MERGED from [:@0x5e_react-native-alipay] AndroidManifest.xml:11:5-67
MERGED from [com.google.android.gms:play-services-gcm:16.1.0] AndroidManifest.xml:24:5-67
MERGED from [com.google.android.gms:play-services-gcm:16.1.0] AndroidManifest.xml:24:5-67
MERGED from [com.google.android.gms:play-services-iid:16.0.1] AndroidManifest.xml:24:5-67
MERGED from [com.google.android.gms:play-services-iid:16.0.1] AndroidManifest.xml:24:5-67
MERGED from [com.ali.auth.sdk:alibabauth_ui:1.1.4] AndroidManifest.xml:15:5-67
MERGED from [com.ali.auth.sdk:alibabauth_ui:1.1.4] AndroidManifest.xml:15:5-67
MERGED from [com.taobao.android:securityguardaar3:5.1.81] AndroidManifest.xml:17:5-67
MERGED from [com.taobao.android:securityguardaar3:5.1.81] AndroidManifest.xml:17:5-67
MERGED from [com.taobao.android:securitybodyaar3:5.1.25] AndroidManifest.xml:11:5-67
MERGED from [com.taobao.android:securitybodyaar3:5.1.25] AndroidManifest.xml:11:5-67
MERGED from [com.alibaba.sdk.android:alibc_trade_sdk:3.1.1.11] AndroidManifest.xml:13:5-67
MERGED from [com.alibaba.sdk.android:alibc_trade_sdk:3.1.1.11] AndroidManifest.xml:13:5-67
MERGED from [:alipaySdk-15.6.0-20190226104104-noUtdid:] AndroidManifest.xml:18:5-67
MERGED from [:alipaySdk-15.6.0-20190226104104-noUtdid:] AndroidManifest.xml:18:5-67
	android:name
		ADDED from src/main/AndroidManifest.xml:4:22-64
uses-permission#android.permission.SYSTEM_ALERT_WINDOW
ADDED from src/main/AndroidManifest.xml:5:5-77
MERGED from src/main/AndroidManifest.xml:5:5-77
MERGED from src/main/AndroidManifest.xml:5:5-77
MERGED from [:jpush-react-native] AndroidManifest.xml:30:5-78
MERGED from [:jpush-react-native] AndroidManifest.xml:30:5-78
	android:name
		ADDED from src/main/AndroidManifest.xml:5:22-75
uses-permission#android.permission.ACCESS_NETWORK_STATE
ADDED from src/main/AndroidManifest.xml:6:5-78
MERGED from [:@react-native-community_netinfo] AndroidManifest.xml:9:5-79
MERGED from [:@react-native-community_netinfo] AndroidManifest.xml:9:5-79
MERGED from [:rn-fetch-blob] AndroidManifest.xml:27:5-79
MERGED from [:rn-fetch-blob] AndroidManifest.xml:27:5-79
MERGED from [:react-native-wechat] AndroidManifest.xml:12:5-79
MERGED from [:react-native-wechat] AndroidManifest.xml:12:5-79
MERGED from [:react-native-http-cache] AndroidManifest.xml:12:5-79
MERGED from [:react-native-http-cache] AndroidManifest.xml:12:5-79
MERGED from [:jpush-react-native] AndroidManifest.xml:26:5-79
MERGED from [:jpush-react-native] AndroidManifest.xml:26:5-79
MERGED from [:@0x5e_react-native-alipay] AndroidManifest.xml:12:5-79
MERGED from [:@0x5e_react-native-alipay] AndroidManifest.xml:12:5-79
MERGED from [com.google.android.exoplayer:exoplayer-core:2.9.3] AndroidManifest.xml:24:5-79
MERGED from [com.google.android.exoplayer:exoplayer-core:2.9.3] AndroidManifest.xml:24:5-79
MERGED from [com.ali.auth.sdk:alibabauth_ui:1.1.4] AndroidManifest.xml:12:5-79
MERGED from [com.ali.auth.sdk:alibabauth_ui:1.1.4] AndroidManifest.xml:12:5-79
MERGED from [com.taobao.android:securityguardaar3:5.1.81] AndroidManifest.xml:13:5-79
MERGED from [com.taobao.android:securityguardaar3:5.1.81] AndroidManifest.xml:13:5-79
MERGED from [com.taobao.android:securitybodyaar3:5.1.25] AndroidManifest.xml:12:5-79
MERGED from [com.taobao.android:securitybodyaar3:5.1.25] AndroidManifest.xml:12:5-79
MERGED from [com.alibaba.sdk.android:alibc_trade_sdk:3.1.1.11] AndroidManifest.xml:14:5-79
MERGED from [com.alibaba.sdk.android:alibc_trade_sdk:3.1.1.11] AndroidManifest.xml:14:5-79
MERGED from [:alipaySdk-15.6.0-20190226104104-noUtdid:] AndroidManifest.xml:19:5-79
MERGED from [:alipaySdk-15.6.0-20190226104104-noUtdid:] AndroidManifest.xml:19:5-79
	android:name
		ADDED from src/main/AndroidManifest.xml:6:22-76
uses-permission#android.permission.ACCESS_WIFI_STATE
ADDED from src/main/AndroidManifest.xml:7:5-75
MERGED from [:rn-fetch-blob] AndroidManifest.xml:30:5-76
MERGED from [:rn-fetch-blob] AndroidManifest.xml:30:5-76
MERGED from [:react-native-wechat] AndroidManifest.xml:13:5-76
MERGED from [:react-native-wechat] AndroidManifest.xml:13:5-76
MERGED from [:react-native-http-cache] AndroidManifest.xml:13:5-76
MERGED from [:react-native-http-cache] AndroidManifest.xml:13:5-76
MERGED from [:jpush-react-native] AndroidManifest.xml:27:5-76
MERGED from [:jpush-react-native] AndroidManifest.xml:27:5-76
MERGED from [:@0x5e_react-native-alipay] AndroidManifest.xml:13:5-76
MERGED from [:@0x5e_react-native-alipay] AndroidManifest.xml:13:5-76
MERGED from [com.ali.auth.sdk:alibabauth_ui:1.1.4] AndroidManifest.xml:13:5-76
MERGED from [com.ali.auth.sdk:alibabauth_ui:1.1.4] AndroidManifest.xml:13:5-76
MERGED from [com.taobao.android:securityguardaar3:5.1.81] AndroidManifest.xml:14:5-76
MERGED from [com.taobao.android:securityguardaar3:5.1.81] AndroidManifest.xml:14:5-76
MERGED from [com.alibaba.sdk.android:alibc_trade_sdk:3.1.1.11] AndroidManifest.xml:15:5-76
MERGED from [com.alibaba.sdk.android:alibc_trade_sdk:3.1.1.11] AndroidManifest.xml:15:5-76
MERGED from [:alipaySdk-15.6.0-20190226104104-noUtdid:] AndroidManifest.xml:20:5-76
MERGED from [:alipaySdk-15.6.0-20190226104104-noUtdid:] AndroidManifest.xml:20:5-76
	android:name
		ADDED from src/main/AndroidManifest.xml:7:22-73
uses-permission#android.permission.READ_PHONE_STATE
ADDED from src/main/AndroidManifest.xml:8:5-74
MERGED from [:react-native-wechat] AndroidManifest.xml:14:5-75
MERGED from [:react-native-wechat] AndroidManifest.xml:14:5-75
MERGED from [:react-native-http-cache] AndroidManifest.xml:14:5-75
MERGED from [:react-native-http-cache] AndroidManifest.xml:14:5-75
MERGED from [:jpush-react-native] AndroidManifest.xml:20:5-75
MERGED from [:jpush-react-native] AndroidManifest.xml:20:5-75
MERGED from [:@0x5e_react-native-alipay] AndroidManifest.xml:14:5-75
MERGED from [:@0x5e_react-native-alipay] AndroidManifest.xml:14:5-75
MERGED from [com.ali.auth.sdk:alibabauth_ui:1.1.4] AndroidManifest.xml:14:5-75
MERGED from [com.ali.auth.sdk:alibabauth_ui:1.1.4] AndroidManifest.xml:14:5-75
MERGED from [com.taobao.android:securityguardaar3:5.1.81] AndroidManifest.xml:15:5-75
MERGED from [com.taobao.android:securityguardaar3:5.1.81] AndroidManifest.xml:15:5-75
MERGED from [com.alibaba.sdk.android:alibc_trade_sdk:3.1.1.11] AndroidManifest.xml:16:5-75
MERGED from [com.alibaba.sdk.android:alibc_trade_sdk:3.1.1.11] AndroidManifest.xml:16:5-75
MERGED from [:alipaySdk-15.6.0-20190226104104-noUtdid:] AndroidManifest.xml:21:5-75
MERGED from [:alipaySdk-15.6.0-20190226104104-noUtdid:] AndroidManifest.xml:21:5-75
	android:name
		ADDED from src/main/AndroidManifest.xml:8:22-72
uses-permission#android.permission.READ_EXTERNAL_STORAGE
ADDED from src/main/AndroidManifest.xml:9:5-79
MERGED from [:jpush-react-native] AndroidManifest.xml:22:5-80
MERGED from [:jpush-react-native] AndroidManifest.xml:22:5-80
MERGED from [com.ali.auth.sdk:alibabauth_ui:1.1.4] AndroidManifest.xml:16:5-80
MERGED from [com.ali.auth.sdk:alibabauth_ui:1.1.4] AndroidManifest.xml:16:5-80
MERGED from [com.taobao.android:securityguardaar3:5.1.81] AndroidManifest.xml:11:5-80
MERGED from [com.taobao.android:securityguardaar3:5.1.81] AndroidManifest.xml:11:5-80
	android:name
		ADDED from src/main/AndroidManifest.xml:9:22-77
uses-permission#android.permission.WRITE_EXTERNAL_STORAGE
ADDED from src/main/AndroidManifest.xml:10:5-80
MERGED from [:react-native-image-crop-picker] AndroidManifest.xml:10:5-81
MERGED from [:react-native-image-crop-picker] AndroidManifest.xml:10:5-81
MERGED from [:rn-fetch-blob] AndroidManifest.xml:33:5-81
MERGED from [:rn-fetch-blob] AndroidManifest.xml:33:5-81
MERGED from [:react-native-wechat] AndroidManifest.xml:15:5-81
MERGED from [:react-native-wechat] AndroidManifest.xml:15:5-81
MERGED from [:react-native-http-cache] AndroidManifest.xml:15:5-81
MERGED from [:react-native-http-cache] AndroidManifest.xml:15:5-81
MERGED from [:react-native-fs] AndroidManifest.xml:11:5-81
MERGED from [:react-native-fs] AndroidManifest.xml:11:5-81
MERGED from [:jpush-react-native] AndroidManifest.xml:21:5-81
MERGED from [:jpush-react-native] AndroidManifest.xml:21:5-81
MERGED from [:@0x5e_react-native-alipay] AndroidManifest.xml:15:5-81
MERGED from [:@0x5e_react-native-alipay] AndroidManifest.xml:15:5-81
MERGED from [com.ali.auth.sdk:alibabauth_ui:1.1.4] AndroidManifest.xml:11:5-81
MERGED from [com.ali.auth.sdk:alibabauth_ui:1.1.4] AndroidManifest.xml:11:5-81
MERGED from [com.taobao.android:securityguardaar3:5.1.81] AndroidManifest.xml:12:5-81
MERGED from [com.taobao.android:securityguardaar3:5.1.81] AndroidManifest.xml:12:5-81
MERGED from [com.alibaba.sdk.android:alibc_trade_sdk:3.1.1.11] AndroidManifest.xml:17:5-81
MERGED from [com.alibaba.sdk.android:alibc_trade_sdk:3.1.1.11] AndroidManifest.xml:17:5-81
MERGED from [:alipaySdk-15.6.0-20190226104104-noUtdid:] AndroidManifest.xml:22:5-81
MERGED from [:alipaySdk-15.6.0-20190226104104-noUtdid:] AndroidManifest.xml:22:5-81
	android:name
		ADDED from src/main/AndroidManifest.xml:10:22-78
uses-permission#android.permission.READ_SMS
ADDED from src/main/AndroidManifest.xml:11:5-66
	android:name
		ADDED from src/main/AndroidManifest.xml:11:22-64
uses-permission#android.permission.REQUEST_INSTALL_PACKAGES
ADDED from src/main/AndroidManifest.xml:12:5-82
	android:name
		ADDED from src/main/AndroidManifest.xml:12:22-80
application
ADDED from src/main/AndroidManifest.xml:13:5-39:19
MERGED from src/main/AndroidManifest.xml:13:5-39:19
MERGED from src/main/AndroidManifest.xml:13:5-39:19
MERGED from [:react-native-image-crop-picker] AndroidManifest.xml:12:5-26:19
MERGED from [:react-native-image-crop-picker] AndroidManifest.xml:12:5-26:19
MERGED from [cn.jiguang.sdk.plugin:meizu:3.2.0] AndroidManifest.xml:21:5-47:19
MERGED from [cn.jiguang.sdk.plugin:meizu:3.2.0] AndroidManifest.xml:21:5-47:19
MERGED from [cn.jiguang.sdk.plugin:huawei:3.2.0] AndroidManifest.xml:13:5-52:19
MERGED from [cn.jiguang.sdk.plugin:huawei:3.2.0] AndroidManifest.xml:13:5-52:19
MERGED from [cn.jiguang.sdk.plugin:xiaomi:3.2.0] AndroidManifest.xml:19:5-75:19
MERGED from [cn.jiguang.sdk.plugin:xiaomi:3.2.0] AndroidManifest.xml:19:5-75:19
MERGED from [cn.jiguang.sdk.plugin:oppo:3.2.0] AndroidManifest.xml:13:5-30:19
MERGED from [cn.jiguang.sdk.plugin:oppo:3.2.0] AndroidManifest.xml:13:5-30:19
MERGED from [cn.jiguang.sdk.plugin:vivo:3.2.0] AndroidManifest.xml:11:5-36:19
MERGED from [cn.jiguang.sdk.plugin:vivo:3.2.0] AndroidManifest.xml:11:5-36:19
MERGED from [:rn-fetch-blob] AndroidManifest.xml:35:5-45:19
MERGED from [:rn-fetch-blob] AndroidManifest.xml:35:5-45:19
MERGED from [:react-native-webview] AndroidManifest.xml:11:5-21:19
MERGED from [:react-native-webview] AndroidManifest.xml:11:5-21:19
MERGED from [:react-native-splash-screen] AndroidManifest.xml:11:5-12:19
MERGED from [:react-native-splash-screen] AndroidManifest.xml:11:5-12:19
MERGED from [:react-native-device-info] AndroidManifest.xml:11:5-20:19
MERGED from [:react-native-device-info] AndroidManifest.xml:11:5-20:19
MERGED from [:react-native-code-push] AndroidManifest.xml:13:5-15:19
MERGED from [:react-native-code-push] AndroidManifest.xml:13:5-15:19
MERGED from [:jcore-react-native] AndroidManifest.xml:11:5-58:19
MERGED from [:jcore-react-native] AndroidManifest.xml:11:5-58:19
MERGED from [:jpush-react-native] AndroidManifest.xml:38:5-106:19
MERGED from [:jpush-react-native] AndroidManifest.xml:38:5-106:19
MERGED from [com.facebook.react:react-native:0.59.4] AndroidManifest.xml:11:5-20
MERGED from [com.facebook.react:react-native:0.59.4] AndroidManifest.xml:11:5-20
MERGED from [com.google.android.gms:play-services-gcm:16.1.0] AndroidManifest.xml:26:5-20
MERGED from [com.google.android.gms:play-services-gcm:16.1.0] AndroidManifest.xml:26:5-20
MERGED from [com.google.android.gms:play-services-iid:16.0.1] AndroidManifest.xml:26:5-20
MERGED from [com.google.android.gms:play-services-iid:16.0.1] AndroidManifest.xml:26:5-20
MERGED from [com.google.android.gms:play-services-base:16.0.1] AndroidManifest.xml:22:5-27:19
MERGED from [com.google.android.gms:play-services-base:16.0.1] AndroidManifest.xml:22:5-27:19
MERGED from [com.google.android.gms:play-services-stats:16.0.1] AndroidManifest.xml:7:5-20
MERGED from [com.google.android.gms:play-services-stats:16.0.1] AndroidManifest.xml:7:5-20
MERGED from [com.google.android.gms:play-services-tasks:16.0.1] AndroidManifest.xml:7:5-20
MERGED from [com.google.android.gms:play-services-tasks:16.0.1] AndroidManifest.xml:7:5-20
MERGED from [com.google.android.gms:play-services-basement:16.0.1] AndroidManifest.xml:22:5-26:19
MERGED from [com.google.android.gms:play-services-basement:16.0.1] AndroidManifest.xml:22:5-26:19
MERGED from [com.github.bumptech.glide:okhttp3-integration:4.7.1] AndroidManifest.xml:10:5-14:19
MERGED from [com.github.bumptech.glide:okhttp3-integration:4.7.1] AndroidManifest.xml:10:5-14:19
MERGED from [com.github.bumptech.glide:glide:4.7.1] AndroidManifest.xml:11:5-20
MERGED from [com.github.bumptech.glide:glide:4.7.1] AndroidManifest.xml:11:5-20
MERGED from [com.android.support:support-compat:28.0.0] AndroidManifest.xml:22:5-94
MERGED from [com.android.support:support-compat:28.0.0] AndroidManifest.xml:22:5-94
MERGED from [com.android.support:versionedparcelable:28.0.0] AndroidManifest.xml:22:5-23:19
MERGED from [com.android.support:versionedparcelable:28.0.0] AndroidManifest.xml:22:5-23:19
MERGED from [com.github.bumptech.glide:gifdecoder:4.7.1] AndroidManifest.xml:9:5-20
MERGED from [com.github.bumptech.glide:gifdecoder:4.7.1] AndroidManifest.xml:9:5-20
MERGED from [com.ali.auth.sdk:alibabauth_ui:1.1.4] AndroidManifest.xml:19:5-40:19
MERGED from [com.ali.auth.sdk:alibabauth_ui:1.1.4] AndroidManifest.xml:19:5-40:19
MERGED from [com.taobao.android:securityguardaar3:5.1.81] AndroidManifest.xml:24:5-27:19
MERGED from [com.taobao.android:securityguardaar3:5.1.81] AndroidManifest.xml:24:5-27:19
MERGED from [com.taobao.android:securitybodyaar3:5.1.25] AndroidManifest.xml:14:5-17:19
MERGED from [com.taobao.android:securitybodyaar3:5.1.25] AndroidManifest.xml:14:5-17:19
MERGED from [com.alibaba.sdk.android:alibc_trade_sdk:3.1.1.11] AndroidManifest.xml:19:5-76:19
MERGED from [com.alibaba.sdk.android:alibc_trade_sdk:3.1.1.11] AndroidManifest.xml:19:5-76:19
MERGED from [:alipaySdk-15.6.0-20190226104104-noUtdid:] AndroidManifest.xml:24:5-52:19
MERGED from [:alipaySdk-15.6.0-20190226104104-noUtdid:] AndroidManifest.xml:24:5-52:19
MERGED from [com.facebook.soloader:soloader:0.6.0] AndroidManifest.xml:11:5-20
MERGED from [com.facebook.soloader:soloader:0.6.0] AndroidManifest.xml:11:5-20
	android:appComponentFactory
		ADDED from [com.android.support:support-compat:28.0.0] AndroidManifest.xml:22:18-91
	android:label
		ADDED from src/main/AndroidManifest.xml:13:197-229
		ADDED from src/main/AndroidManifest.xml:13:197-229
	tools:ignore
		ADDED from src/debug/AndroidManifest.xml:7:75-114
	tools:targetApi
		ADDED from src/debug/AndroidManifest.xml:7:54-74
	android:largeHeap
		ADDED from src/main/AndroidManifest.xml:13:262-286
		ADDED from src/main/AndroidManifest.xml:13:262-286
	android:icon
		ADDED from src/main/AndroidManifest.xml:13:162-196
		ADDED from src/main/AndroidManifest.xml:13:162-196
	android:allowBackup
		ADDED from src/main/AndroidManifest.xml:13:135-161
		ADDED from src/main/AndroidManifest.xml:13:135-161
		REJECTED from [com.taobao.android:securityguardaar3:5.1.81] AndroidManifest.xml:25:9-36
		REJECTED from [com.taobao.android:securitybodyaar3:5.1.25] AndroidManifest.xml:15:9-36
	android:theme
		ADDED from src/main/AndroidManifest.xml:13:230-261
		ADDED from src/main/AndroidManifest.xml:13:230-261
	android:networkSecurityConfig
		ADDED from src/main/AndroidManifest.xml:13:18-78
		ADDED from src/main/AndroidManifest.xml:13:18-78
	tools:replace
		ADDED from src/main/AndroidManifest.xml:13:287-322
		ADDED from src/main/AndroidManifest.xml:13:287-322
	android:usesCleartextTraffic
		ADDED from src/debug/AndroidManifest.xml:7:18-53
	android:name
		ADDED from src/main/AndroidManifest.xml:13:79-134
		ADDED from src/main/AndroidManifest.xml:13:79-134
service#com.vxiaoke.ricelife.app.upgrade.DownloadService
ADDED from src/main/AndroidManifest.xml:17:9-107
	android:exported
		ADDED from src/main/AndroidManifest.xml:17:82-105
	android:name
		ADDED from src/main/AndroidManifest.xml:17:18-81
activity#com.vxiaoke.ricelife.app.MainActivity
ADDED from src/main/AndroidManifest.xml:18:9-30:20
	android:maxAspectRatio
		ADDED from src/main/AndroidManifest.xml:18:245-273
	android:screenOrientation
		ADDED from src/main/AndroidManifest.xml:18:208-244
	android:label
		ADDED from src/main/AndroidManifest.xml:18:72-104
	android:launchMode
		ADDED from src/main/AndroidManifest.xml:18:176-207
	android:windowSoftInputMode
		ADDED from src/main/AndroidManifest.xml:18:274-316
	android:configChanges
		ADDED from src/main/AndroidManifest.xml:18:105-175
	android:name
		ADDED from src/main/AndroidManifest.xml:18:19-71
intent-filter#action:name:android.intent.action.VIEW+category:name:android.intent.category.BROWSABLE+category:name:android.intent.category.DEFAULT+data:host:m.vxiaoke360.com+data:scheme:mili
ADDED from src/main/AndroidManifest.xml:19:13-24:29
action#android.intent.action.VIEW
ADDED from src/main/AndroidManifest.xml:20:17-68
	android:name
		ADDED from src/main/AndroidManifest.xml:20:25-66
category#android.intent.category.DEFAULT
ADDED from src/main/AndroidManifest.xml:21:17-75
	android:name
		ADDED from src/main/AndroidManifest.xml:21:27-73
category#android.intent.category.BROWSABLE
ADDED from src/main/AndroidManifest.xml:22:17-77
	android:name
		ADDED from src/main/AndroidManifest.xml:22:27-75
data
ADDED from src/main/AndroidManifest.xml:23:17-78
	android:host
		ADDED from src/main/AndroidManifest.xml:23:23-54
	android:scheme
		ADDED from src/main/AndroidManifest.xml:23:55-76
intent-filter#action:name:android.intent.action.DOWNLOAD_COMPLETE+action:name:android.intent.action.MAIN+category:name:android.intent.category.LAUNCHER
ADDED from src/main/AndroidManifest.xml:25:13-29:29
action#android.intent.action.MAIN
ADDED from src/main/AndroidManifest.xml:26:17-68
	android:name
		ADDED from src/main/AndroidManifest.xml:26:25-66
action#android.intent.action.DOWNLOAD_COMPLETE
ADDED from src/main/AndroidManifest.xml:27:17-81
	android:name
		ADDED from src/main/AndroidManifest.xml:27:25-79
category#android.intent.category.LAUNCHER
ADDED from src/main/AndroidManifest.xml:28:17-76
	android:name
		ADDED from src/main/AndroidManifest.xml:28:27-74
activity#com.ali.auth.third.ui.LoginActivity
ADDED from src/main/AndroidManifest.xml:31:9-140
MERGED from [com.ali.auth.sdk:alibabauth_ui:1.1.4] AndroidManifest.xml:28:9-31:75
MERGED from [com.ali.auth.sdk:alibabauth_ui:1.1.4] AndroidManifest.xml:28:9-31:75
	android:screenOrientation
		ADDED from [com.ali.auth.sdk:alibabauth_ui:1.1.4] AndroidManifest.xml:30:13-49
	android:theme
		ADDED from src/main/AndroidManifest.xml:31:70-108
		REJECTED from [com.ali.auth.sdk:alibabauth_ui:1.1.4] AndroidManifest.xml:31:13-72
	tools:replace
		ADDED from src/main/AndroidManifest.xml:31:109-138
	android:name
		ADDED from src/main/AndroidManifest.xml:31:19-69
activity#com.facebook.react.devsupport.DevSettingsActivity
ADDED from src/main/AndroidManifest.xml:32:9-85
MERGED from [:react-native-code-push] AndroidManifest.xml:14:9-86
MERGED from [:react-native-code-push] AndroidManifest.xml:14:9-86
	android:name
		ADDED from src/main/AndroidManifest.xml:32:19-83
activity#com.vxiaoke.ricelife.app.wxapi.WXEntryActivity